[debug] [2022-07-13T06:32:24.504Z] ----------------------------------------------------------------------
[debug] [2022-07-13T06:32:24.506Z] Command:       C:\Program Files\nodejs\node.exe D:\Users\Tony\MockShoppingSite\grace-shop\node_modules\firebase-tools\lib\bin\firebase.js emulators:start
[debug] [2022-07-13T06:32:24.506Z] CLI Version:   11.2.0
[debug] [2022-07-13T06:32:24.507Z] Platform:      win32
[debug] [2022-07-13T06:32:24.507Z] Node Version:  v16.14.0
[debug] [2022-07-13T06:32:24.508Z] Time:          Wed Jul 13 2022 01:32:24 GMT-0500 (Central Daylight Time)
[debug] [2022-07-13T06:32:24.508Z] ----------------------------------------------------------------------
[debug] 
[debug] [2022-07-13T06:32:24.585Z] > command requires scopes: ["email","openid","https://www.googleapis.com/auth/cloudplatformprojects.readonly","https://www.googleapis.com/auth/firebase","https://www.googleapis.com/auth/cloud-platform"]
[debug] [2022-07-13T06:32:24.585Z] > authorizing via signed-in user (tonyqing2022@gmail.com)
[info] i  emulators: Starting emulators: functions, hosting {"metadata":{"emulator":{"name":"hub"},"message":"Starting emulators: functions, hosting"}}
[debug] [2022-07-13T06:32:24.670Z] [hub] writing locator at C:\Users\Tony\AppData\Local\Temp\hub-grace-shop-95023.json
[warn] !  functions: The following emulators are not running, calls to these services from the Functions emulator will affect production: auth, firestore, database, pubsub, storage {"metadata":{"emulator":{"name":"functions"},"message":"The following emulators are not running, calls to these services from the Functions emulator will affect production: \u001b[1mauth, firestore, database, pubsub, storage\u001b[22m"}}
[info] +  functions: Using node@16 from host. {"metadata":{"emulator":{"name":"functions"},"message":"Using node@16 from host."}}
[debug] [2022-07-13T06:32:24.716Z] defaultcredentials: writing to file C:\Users\Tony\AppData\Roaming\firebase\tonyqing2022_gmail_com_application_default_credentials.json
[debug] [2022-07-13T06:32:24.719Z] Setting GAC to C:\Users\Tony\AppData\Roaming\firebase\tonyqing2022_gmail_com_application_default_credentials.json {"metadata":{"emulator":{"name":"functions"},"message":"Setting GAC to C:\\Users\\Tony\\AppData\\Roaming\\firebase\\tonyqing2022_gmail_com_application_default_credentials.json"}}
[debug] [2022-07-13T06:32:24.722Z] >>> [apiv2][query] GET https://firebase.googleapis.com/v1beta1/projects/grace-shop-95023/adminSdkConfig [none]
[debug] [2022-07-13T06:32:24.981Z] <<< [apiv2][status] GET https://firebase.googleapis.com/v1beta1/projects/grace-shop-95023/adminSdkConfig 200
[debug] [2022-07-13T06:32:24.981Z] <<< [apiv2][body] GET https://firebase.googleapis.com/v1beta1/projects/grace-shop-95023/adminSdkConfig {"projectId":"grace-shop-95023","storageBucket":"grace-shop-95023.appspot.com","locationId":"us-central"}
[debug] [2022-07-13T06:32:25.005Z] >>> [apiv2][query] GET https://firebasehosting.googleapis.com/v1beta1/projects/grace-shop-95023/sites 
[debug] [2022-07-13T06:32:25.328Z] <<< [apiv2][status] GET https://firebasehosting.googleapis.com/v1beta1/projects/grace-shop-95023/sites 200
[debug] [2022-07-13T06:32:25.328Z] <<< [apiv2][body] GET https://firebasehosting.googleapis.com/v1beta1/projects/grace-shop-95023/sites {"sites":[{"name":"projects/grace-shop-95023/sites/grace-shop-95023","defaultUrl":"https://grace-shop-95023.web.app","appId":"1:457564348928:web:8ba3d8ce796083b6802ee5","type":"DEFAULT_SITE"}]}
[debug] [2022-07-13T06:32:25.328Z] >>> [apiv2][query] GET https://firebase.googleapis.com/v1beta1/projects/grace-shop-95023/webApps/1:457564348928:web:8ba3d8ce796083b6802ee5/config [none]
[debug] [2022-07-13T06:32:25.663Z] <<< [apiv2][status] GET https://firebase.googleapis.com/v1beta1/projects/grace-shop-95023/webApps/1:457564348928:web:8ba3d8ce796083b6802ee5/config 200
[debug] [2022-07-13T06:32:25.663Z] <<< [apiv2][body] GET https://firebase.googleapis.com/v1beta1/projects/grace-shop-95023/webApps/1:457564348928:web:8ba3d8ce796083b6802ee5/config {"projectId":"grace-shop-95023","appId":"1:457564348928:web:8ba3d8ce796083b6802ee5","storageBucket":"grace-shop-95023.appspot.com","locationId":"us-central","apiKey":"AIzaSyDbxT1EJ71fsOnxJLd9s07zwEhaGK3YwUw","authDomain":"grace-shop-95023.firebaseapp.com","messagingSenderId":"457564348928","measurementId":"G-R51D4SNELT"}
[info] i  hosting: Serving hosting files from: build {"metadata":{"emulator":{"name":"hosting"},"message":"Serving hosting files from: \u001b[1mbuild\u001b[22m"}}
[info] +  hosting: Local server: http://localhost:5000 {"metadata":{"emulator":{"name":"hosting"},"message":"Local server: \u001b[4m\u001b[1mhttp://localhost:5000\u001b[22m\u001b[24m"}}
[debug] [2022-07-13T06:32:25.724Z] Ignoring unsupported arg: auto_download {"metadata":{"emulator":{"name":"ui"},"message":"Ignoring unsupported arg: auto_download"}}
[debug] [2022-07-13T06:32:25.725Z] Ignoring unsupported arg: port {"metadata":{"emulator":{"name":"ui"},"message":"Ignoring unsupported arg: port"}}
[debug] [2022-07-13T06:32:25.725Z] Starting Emulator UI with command {"binary":"node","args":["--dns-result-order=ipv4first","C:\\Users\\Tony\\.cache\\firebase\\emulators\\ui-v1.7.0\\server.bundle.js"],"optionalArgs":[],"joinArgs":false} {"metadata":{"emulator":{"name":"ui"},"message":"Starting Emulator UI with command {\"binary\":\"node\",\"args\":[\"--dns-result-order=ipv4first\",\"C:\\\\Users\\\\Tony\\\\.cache\\\\firebase\\\\emulators\\\\ui-v1.7.0\\\\server.bundle.js\"],\"optionalArgs\":[],\"joinArgs\":false}"}}
[info] i  ui: Emulator UI logging to ui-debug.log {"metadata":{"emulator":{"name":"ui"},"message":"Emulator UI logging to \u001b[1mui-debug.log\u001b[22m"}}
[debug] [2022-07-13T06:32:25.902Z] Web / API server started at localhost:4000
 {"metadata":{"emulator":{"name":"ui"},"message":"Web / API server started at localhost:4000\n"}}
[info] i  functions: Watching "D:\Users\Tony\MockShoppingSite\grace-shop\functions" for Cloud Functions... {"metadata":{"emulator":{"name":"functions"},"message":"Watching \"D:\\Users\\Tony\\MockShoppingSite\\grace-shop\\functions\" for Cloud Functions..."}}
[debug] [2022-07-13T06:32:26.005Z] Validating nodejs source
[debug] [2022-07-13T06:32:29.978Z] > [functions] package.json contents: {
  "name": "functions",
  "scripts": {
    "lint": "eslint --ext .js,.ts .",
    "build": "tsc",
    "build:watch": "tsc --watch",
    "serve": "npm run build && firebase emulators:start --only functions",
    "shell": "npm run build && firebase functions:shell",
    "start": "npm run shell",
    "deploy": "firebase deploy --only functions",
    "logs": "firebase functions:log"
  },
  "engines": {
    "node": "16"
  },
  "main": "lib/index.js",
  "dependencies": {
    "cors": "^2.8.5",
    "express": "^4.18.1",
    "firebase": "^9.8.4",
    "firebase-admin": "^10.0.2",
    "firebase-functions": "^3.22.0",
    "stripe": "^9.11.0"
  },
  "devDependencies": {
    "@typescript-eslint/eslint-plugin": "^5.12.0",
    "@typescript-eslint/parser": "^5.12.0",
    "eslint": "^8.9.0",
    "eslint-config-google": "^0.14.0",
    "eslint-plugin-import": "^2.25.4",
    "firebase-functions-test": "^0.2.0",
    "typescript": "^4.5.4"
  },
  "private": true
}
[debug] [2022-07-13T06:32:29.978Z] Building nodejs source
[debug] [2022-07-13T06:32:29.978Z] Analyzing nodejs backend spec
[debug] [2022-07-13T06:32:29.979Z] Could not find functions.yaml. Must use http discovery
[debug] [2022-07-13T06:32:30.280Z] Serving at port 9005

[debug] [2022-07-13T06:32:30.473Z] Got response from /__/functions.yaml {"endpoints":{"api":{"platform":"gcfv1","httpsTrigger":{},"entryPoint":"api"}},"specVersion":"v1alpha1","requiredAPIs":[]}
[debug] [2022-07-13T06:32:30.481Z] shutdown requested via /__/quitquitquit

[info] +  functions[us-central1-api]: http function initialized (http://localhost:5001/grace-shop-95023/us-central1/api). {"metadata":{"emulator":{"name":"functions"},"message":"\u001b[1mhttp\u001b[22m function initialized (http://localhost:5001/grace-shop-95023/us-central1/api)."}}
[info] 
┌─────────────────────────────────────────────────────────────┐
│ ✔  All emulators ready! It is now safe to connect your app. │
│ i  View Emulator UI at http://localhost:4000                │
└─────────────────────────────────────────────────────────────┘

┌───────────┬────────────────┬─────────────────────────────────┐
│ Emulator  │ Host:Port      │ View in Emulator UI             │
├───────────┼────────────────┼─────────────────────────────────┤
│ Functions │ localhost:5001 │ http://localhost:4000/functions │
├───────────┼────────────────┼─────────────────────────────────┤
│ Hosting   │ localhost:5000 │ n/a                             │
└───────────┴────────────────┴─────────────────────────────────┘
  Emulator Hub running at localhost:4400
  Other reserved ports: 4500

Issues? Report them at https://github.com/firebase/firebase-tools/issues and attach the *-debug.log files.
 
[info] i  hosting: 127.0.0.1 - - [13/Jul/2022:06:33:35 +0000] "GET /payment? HTTP/1.1" 200 645 "http://localhost:5000/payment" "Mozilla/5.0 (Windows NT 10.0; Win64; x64; rv:102.0) Gecko/20100101 Firefox/102.0" {"metadata":{"emulator":{"name":"hosting"},"message":"127.0.0.1 - - [13/Jul/2022:06:33:35 +0000] \"GET /payment? HTTP/1.1\" 200 645 \"http://localhost:5000/payment\" \"Mozilla/5.0 (Windows NT 10.0; Win64; x64; rv:102.0) Gecko/20100101 Firefox/102.0\""}}
[info] i  hosting: 127.0.0.1 - - [13/Jul/2022:06:33:35 +0000] "GET /static/js/main.1a895fed.js HTTP/1.1" 200 756467 "http://localhost:5000/payment?" "Mozilla/5.0 (Windows NT 10.0; Win64; x64; rv:102.0) Gecko/20100101 Firefox/102.0" {"metadata":{"emulator":{"name":"hosting"},"message":"127.0.0.1 - - [13/Jul/2022:06:33:35 +0000] \"GET /static/js/main.1a895fed.js HTTP/1.1\" 200 756467 \"http://localhost:5000/payment?\" \"Mozilla/5.0 (Windows NT 10.0; Win64; x64; rv:102.0) Gecko/20100101 Firefox/102.0\""}}
[info] i  hosting: 127.0.0.1 - - [13/Jul/2022:06:33:35 +0000] "GET /static/css/main.f9b309eb.css HTTP/1.1" 200 6485 "http://localhost:5000/payment?" "Mozilla/5.0 (Windows NT 10.0; Win64; x64; rv:102.0) Gecko/20100101 Firefox/102.0" {"metadata":{"emulator":{"name":"hosting"},"message":"127.0.0.1 - - [13/Jul/2022:06:33:35 +0000] \"GET /static/css/main.f9b309eb.css HTTP/1.1\" 200 6485 \"http://localhost:5000/payment?\" \"Mozilla/5.0 (Windows NT 10.0; Win64; x64; rv:102.0) Gecko/20100101 Firefox/102.0\""}}
[info] i  hosting: 127.0.0.1 - - [13/Jul/2022:06:33:35 +0000] "GET /static/js/main.1a895fed.js.map HTTP/1.1" 200 4262266 "-" "Mozilla/5.0 (Windows NT 10.0; Win64; x64; rv:102.0) Gecko/20100101 Firefox/102.0" {"metadata":{"emulator":{"name":"hosting"},"message":"127.0.0.1 - - [13/Jul/2022:06:33:35 +0000] \"GET /static/js/main.1a895fed.js.map HTTP/1.1\" 200 4262266 \"-\" \"Mozilla/5.0 (Windows NT 10.0; Win64; x64; rv:102.0) Gecko/20100101 Firefox/102.0\""}}
[info] i  hosting: 127.0.0.1 - - [13/Jul/2022:06:33:35 +0000] "GET /logo128.png HTTP/1.1" - - "http://localhost:5000/payment?" "Mozilla/5.0 (Windows NT 10.0; Win64; x64; rv:102.0) Gecko/20100101 Firefox/102.0" {"metadata":{"emulator":{"name":"hosting"},"message":"127.0.0.1 - - [13/Jul/2022:06:33:35 +0000] \"GET /logo128.png HTTP/1.1\" - - \"http://localhost:5000/payment?\" \"Mozilla/5.0 (Windows NT 10.0; Win64; x64; rv:102.0) Gecko/20100101 Firefox/102.0\""}}
[info] i  hosting: 127.0.0.1 - - [13/Jul/2022:06:33:35 +0000] "GET /favicon.ico HTTP/1.1" - - "http://localhost:5000/payment?" "Mozilla/5.0 (Windows NT 10.0; Win64; x64; rv:102.0) Gecko/20100101 Firefox/102.0" {"metadata":{"emulator":{"name":"hosting"},"message":"127.0.0.1 - - [13/Jul/2022:06:33:35 +0000] \"GET /favicon.ico HTTP/1.1\" - - \"http://localhost:5000/payment?\" \"Mozilla/5.0 (Windows NT 10.0; Win64; x64; rv:102.0) Gecko/20100101 Firefox/102.0\""}}
[info] i  hosting: 127.0.0.1 - - [13/Jul/2022:06:33:36 +0000] "GET /static/css/main.f9b309eb.css.map HTTP/1.1" 200 13647 "-" "Mozilla/5.0 (Windows NT 10.0; Win64; x64; rv:102.0) Gecko/20100101 Firefox/102.0" {"metadata":{"emulator":{"name":"hosting"},"message":"127.0.0.1 - - [13/Jul/2022:06:33:36 +0000] \"GET /static/css/main.f9b309eb.css.map HTTP/1.1\" 200 13647 \"-\" \"Mozilla/5.0 (Windows NT 10.0; Win64; x64; rv:102.0) Gecko/20100101 Firefox/102.0\""}}
[info] i  hosting: 127.0.0.1 - - [13/Jul/2022:06:33:36 +0000] "GET /static/js/main.1a895fed.js.map HTTP/1.1" 200 4262266 "-" "Mozilla/5.0 (Windows NT 10.0; Win64; x64; rv:102.0) Gecko/20100101 Firefox/102.0" {"metadata":{"emulator":{"name":"hosting"},"message":"127.0.0.1 - - [13/Jul/2022:06:33:36 +0000] \"GET /static/js/main.1a895fed.js.map HTTP/1.1\" 200 4262266 \"-\" \"Mozilla/5.0 (Windows NT 10.0; Win64; x64; rv:102.0) Gecko/20100101 Firefox/102.0\""}}
[debug] [2022-07-13T06:35:29.509Z] File D:\Users\Tony\MockShoppingSite\grace-shop\functions\src\index.ts changed, reloading triggers {"metadata":{"emulator":{"name":"functions"},"message":"File D:\\Users\\Tony\\MockShoppingSite\\grace-shop\\functions\\src\\index.ts changed, reloading triggers"}}
[debug] [2022-07-13T06:35:30.512Z] Validating nodejs source
[debug] [2022-07-13T06:35:33.510Z] > [functions] package.json contents: {
  "name": "functions",
  "scripts": {
    "lint": "eslint --ext .js,.ts .",
    "build": "tsc",
    "build:watch": "tsc --watch",
    "serve": "npm run build && firebase emulators:start --only functions",
    "shell": "npm run build && firebase functions:shell",
    "start": "npm run shell",
    "deploy": "firebase deploy --only functions",
    "logs": "firebase functions:log"
  },
  "engines": {
    "node": "16"
  },
  "main": "lib/index.js",
  "dependencies": {
    "cors": "^2.8.5",
    "express": "^4.18.1",
    "firebase": "^9.8.4",
    "firebase-admin": "^10.0.2",
    "firebase-functions": "^3.22.0",
    "stripe": "^9.11.0"
  },
  "devDependencies": {
    "@typescript-eslint/eslint-plugin": "^5.12.0",
    "@typescript-eslint/parser": "^5.12.0",
    "eslint": "^8.9.0",
    "eslint-config-google": "^0.14.0",
    "eslint-plugin-import": "^2.25.4",
    "firebase-functions-test": "^0.2.0",
    "typescript": "^4.5.4"
  },
  "private": true
}
[debug] [2022-07-13T06:35:33.510Z] Building nodejs source
[debug] [2022-07-13T06:35:33.510Z] Analyzing nodejs backend spec
[debug] [2022-07-13T06:35:33.512Z] Could not find functions.yaml. Must use http discovery
[debug] [2022-07-13T06:35:33.530Z] File D:\Users\Tony\MockShoppingSite\grace-shop\functions\src\index.ts changed, reloading triggers {"metadata":{"emulator":{"name":"functions"},"message":"File D:\\Users\\Tony\\MockShoppingSite\\grace-shop\\functions\\src\\index.ts changed, reloading triggers"}}
[debug] [2022-07-13T06:35:33.815Z] Serving at port 9005

[debug] [2022-07-13T06:35:33.998Z] Got response from /__/functions.yaml {"endpoints":{"api":{"platform":"gcfv1","httpsTrigger":{},"entryPoint":"api"}},"specVersion":"v1alpha1","requiredAPIs":[]}
[debug] [2022-07-13T06:35:34.005Z] shutdown requested via /__/quitquitquit

[debug] [2022-07-13T06:35:34.546Z] Validating nodejs source
[debug] [2022-07-13T06:35:37.499Z] > [functions] package.json contents: {
  "name": "functions",
  "scripts": {
    "lint": "eslint --ext .js,.ts .",
    "build": "tsc",
    "build:watch": "tsc --watch",
    "serve": "npm run build && firebase emulators:start --only functions",
    "shell": "npm run build && firebase functions:shell",
    "start": "npm run shell",
    "deploy": "firebase deploy --only functions",
    "logs": "firebase functions:log"
  },
  "engines": {
    "node": "16"
  },
  "main": "lib/index.js",
  "dependencies": {
    "cors": "^2.8.5",
    "express": "^4.18.1",
    "firebase": "^9.8.4",
    "firebase-admin": "^10.0.2",
    "firebase-functions": "^3.22.0",
    "stripe": "^9.11.0"
  },
  "devDependencies": {
    "@typescript-eslint/eslint-plugin": "^5.12.0",
    "@typescript-eslint/parser": "^5.12.0",
    "eslint": "^8.9.0",
    "eslint-config-google": "^0.14.0",
    "eslint-plugin-import": "^2.25.4",
    "firebase-functions-test": "^0.2.0",
    "typescript": "^4.5.4"
  },
  "private": true
}
[debug] [2022-07-13T06:35:37.500Z] Building nodejs source
[debug] [2022-07-13T06:35:37.500Z] Analyzing nodejs backend spec
[debug] [2022-07-13T06:35:37.500Z] Could not find functions.yaml. Must use http discovery
[debug] [2022-07-13T06:35:37.800Z] Serving at port 9005

[debug] [2022-07-13T06:35:37.987Z] Got response from /__/functions.yaml {"endpoints":{"api":{"platform":"gcfv1","httpsTrigger":{},"entryPoint":"api"}},"specVersion":"v1alpha1","requiredAPIs":[]}
[debug] [2022-07-13T06:35:37.991Z] shutdown requested via /__/quitquitquit

